<?xml version="1.0" encoding="UTF-8"?>
<!-- Generated by org.testng.reporters.JUnitXMLReporter -->
<testsuite ignored="0" hostname="DELL-3521" failures="1" tests="1" name="Test" time="0.729" errors="0" timestamp="12 Aug 2021 11:32:19 GMT">
  <testcase classname="MavenSessions1.ExtentReport.ExtentReport_1" name="intialDemo" time="0.036">
    <failure type="java.lang.NullPointerException">
      <![CDATA[java.lang.NullPointerException
at MavenSessions1.ExtentReport.ExtentReport_1.intialDemo(ExtentReport_1.java:34)
... Removed 25 stack frames]]>
    </failure>
  </testcase> <!-- intialDemo -->
</testsuite> <!-- Test -->
