<?xml version="1.0" encoding="UTF-8"?>
<!-- Generated by org.testng.reporters.JUnitReportReporter -->
<testsuite hostname="LAPTOP-45MQ2P0P" failures="0" tests="2" name="PracticalCloudester.LoginTest" time="18.249" errors="0" timestamp="2026-02-11T10:40:03 IST" skipped="0">
  <testcase classname="PracticalCloudester.LoginTest" name="selectProduct" time="2.371"/>
  <system-out/>
  <testcase classname="PracticalCloudester.LoginTest" name="loginInApp" time="15.878"/>
  <system-out/>
</testsuite> <!-- PracticalCloudester.LoginTest -->
