<?xml version="1.0" encoding="UTF-8"?>
<testng-results ignored="0" total="1" passed="1" failed="0" skipped="0">
  <reporter-output>
  </reporter-output>
  <suite started-at="2025-10-06T17:39:15 IST" name="Default suite" finished-at="2025-10-06T17:39:20 IST" duration-ms="4794">
    <groups>
    </groups>
    <test started-at="2025-10-06T17:39:15 IST" name="Default test" finished-at="2025-10-06T17:39:20 IST" duration-ms="4794">
      <class name="Growwx.Growwx_rsrc.searchProduct">
        <test-method signature="SearchProduct()[pri:0, instance:Growwx.Growwx_rsrc.searchProduct@654f0d9c]" started-at="2025-10-06T17:39:15 IST" name="SearchProduct" finished-at="2025-10-06T17:39:20 IST" duration-ms="4773" status="PASS">
          <reporter-output>
          </reporter-output>
        </test-method> <!-- SearchProduct -->
      </class> <!-- Growwx.Growwx_rsrc.searchProduct -->
    </test> <!-- Default test -->
  </suite> <!-- Default suite -->
</testng-results>
