<?xml version="1.0" encoding="UTF-8"?>
<!-- Generated by org.testng.reporters.JUnitReportReporter -->
<testsuite hostname="LAPTOP-45MQ2P0P" failures="0" tests="2" name="SyncProject.Presentation.Testp1" time="0.018" errors="0" timestamp="2025-09-08T14:31:06 IST" skipped="0">
  <testcase classname="SyncProject.Presentation.Testp1" name="Reverse" time="0.001"/>
  <system-out/>
  <testcase classname="SyncProject.Presentation.Testp1" name="CountCharOccr" time="0.017"/>
  <system-out/>
</testsuite> <!-- SyncProject.Presentation.Testp1 -->
