<?xml version="1.0" encoding="UTF-8"?>
<!-- Generated by org.testng.reporters.JUnitReportReporter -->
<testsuite hostname="LAPTOP-45MQ2P0P" failures="0" tests="2" name="SyncProject.Presentation.test" time="0.022" errors="0" timestamp="2025-10-03T13:24:37 IST" skipped="0">
  <testcase classname="SyncProject.Presentation.test" name="reversedWithStringBuild" time="0.001"/>
  <system-out/>
  <testcase classname="SyncProject.Presentation.test" name="reversedWithFor" time="0.021"/>
  <system-out/>
</testsuite> <!-- SyncProject.Presentation.test -->
