<?xml version="1.0" encoding="UTF-8"?>
<!-- Generated by org.testng.reporters.JUnitXMLReporter -->
<testsuite ignored="0" hostname="LAPTOP-45MQ2P0P" failures="0" tests="3" name="Default test" time="6.269" errors="0" timestamp="2026-04-18T13:40:43 IST">
  <testcase classname="ART.ARTinterview.excelLogin" name="firstTest" time="1.521"/>
  <testcase classname="ART.ARTinterview.excelLogin" name="secondTest" time="2.252"/>
  <testcase classname="ART.ARTinterview.excelLogin" name="secondTest" time="1.973"/>
</testsuite> <!-- Default test -->
