<?xml version="1.0" encoding="UTF-8"?>
<testng-results ignored="0" total="1" passed="1" failed="0" skipped="0">
  <reporter-output>
  </reporter-output>
  <suite started-at="2026-05-05T09:45:07 IST" name="Default suite" finished-at="2026-05-05T09:45:08 IST" duration-ms="998">
    <groups>
    </groups>
    <test started-at="2026-05-05T09:45:07 IST" name="Default test" finished-at="2026-05-05T09:45:08 IST" duration-ms="998">
      <class name="PDFExtractor">
        <test-method signature="extractEmailsTest()[pri:0, instance:PDFExtractor@76508ed1]" started-at="2026-05-05T09:45:07 IST" name="extractEmailsTest" finished-at="2026-05-05T09:45:08 IST" duration-ms="954" status="PASS">
          <reporter-output>
          </reporter-output>
        </test-method> <!-- extractEmailsTest -->
      </class> <!-- PDFExtractor -->
    </test> <!-- Default test -->
  </suite> <!-- Default suite -->
</testng-results>
