<?xml version="1.0" encoding="UTF-8"?>
<testng-results ignored="0" total="3" passed="3" failed="0" skipped="0">
  <reporter-output>
  </reporter-output>
  <suite started-at="2026-04-18T13:40:37 IST" name="Default suite" finished-at="2026-04-18T13:40:43 IST" duration-ms="6269">
    <groups>
    </groups>
    <test started-at="2026-04-18T13:40:37 IST" name="Default test" finished-at="2026-04-18T13:40:43 IST" duration-ms="6269">
      <class name="ART.ARTinterview.excelLogin">
        <test-method signature="firstTest()[pri:0, instance:ART.ARTinterview.excelLogin@72f926e6]" started-at="2026-04-18T13:40:37 IST" name="firstTest" finished-at="2026-04-18T13:40:39 IST" duration-ms="1521" status="PASS">
          <reporter-output>
          </reporter-output>
        </test-method> <!-- firstTest -->
        <test-method signature="secondTest(java.lang.String,java.lang.String)[pri:0, instance:ART.ARTinterview.excelLogin@72f926e6]" started-at="2026-04-18T13:40:39 IST" name="secondTest" data-provider="loginData" finished-at="2026-04-18T13:40:41 IST" duration-ms="2252" status="PASS">
          <params>
            <param index="0">
              <value>
                <![CDATA[pintumagic@gmail.com]]>
              </value>
            </param>
            <param index="1">
              <value>
                <![CDATA[pintu!1A]]>
              </value>
            </param>
          </params>
          <reporter-output>
          </reporter-output>
        </test-method> <!-- secondTest -->
        <test-method signature="secondTest(java.lang.String,java.lang.String)[pri:0, instance:ART.ARTinterview.excelLogin@72f926e6]" started-at="2026-04-18T13:40:41 IST" name="secondTest" data-provider="loginData" finished-at="2026-04-18T13:40:43 IST" duration-ms="1973" status="PASS">
          <params>
            <param index="0">
              <value>
                <![CDATA[kpintu123@yopmail.com]]>
              </value>
            </param>
            <param index="1">
              <value>
                <![CDATA[12345]]>
              </value>
            </param>
          </params>
          <reporter-output>
          </reporter-output>
        </test-method> <!-- secondTest -->
      </class> <!-- ART.ARTinterview.excelLogin -->
    </test> <!-- Default test -->
  </suite> <!-- Default suite -->
</testng-results>
