<?xml version="1.0" encoding="UTF-8"?>
<testng-results ignored="0" total="1" passed="1" failed="0" skipped="0">
  <reporter-output>
  </reporter-output>
  <suite started-at="2026-06-19T09:32:09 IST" name="Default suite" finished-at="2026-06-19T09:32:10 IST" duration-ms="50">
    <groups>
    </groups>
    <test started-at="2026-06-19T09:32:09 IST" name="Default test" finished-at="2026-06-19T09:32:10 IST" duration-ms="50">
      <class name="ART.ARTinterview.ReverseWordByWord">
        <test-method signature="xyz()[pri:0, instance:ART.ARTinterview.ReverseWordByWord@30ee2816]" started-at="2026-06-19T09:32:09 IST" name="xyz" finished-at="2026-06-19T09:32:10 IST" duration-ms="16" status="PASS">
          <reporter-output>
          </reporter-output>
        </test-method> <!-- xyz -->
      </class> <!-- ART.ARTinterview.ReverseWordByWord -->
    </test> <!-- Default test -->
  </suite> <!-- Default suite -->
</testng-results>
