<?xml version="1.0" encoding="UTF-8"?>
<!-- Generated by org.testng.reporters.JUnitReportReporter -->
<testsuite hostname="LAPTOP-45MQ2P0P" failures="0" tests="3" name="ART.ARTinterview.excelLogin" time="5.134" errors="0" timestamp="2026-04-21T16:31:08 IST" skipped="0">
  <testcase classname="ART.ARTinterview.excelLogin" name="secondTest" time="1.836"/>
  <system-out/>
  <testcase classname="ART.ARTinterview.excelLogin" name="secondTest" time="2.036"/>
  <system-out/>
  <testcase classname="ART.ARTinterview.excelLogin" name="firstTest" time="1.262"/>
  <system-out/>
</testsuite> <!-- ART.ARTinterview.excelLogin -->
