<?xml version="1.0" encoding="UTF-8"?>
<!-- Generated by org.testng.reporters.JUnitReportReporter -->
<testsuite hostname="LAPTOP-45MQ2P0P" failures="0" tests="4" name="ART.ARTinterview.excelLogin" time="10.368" errors="0" timestamp="2026-04-18T12:25:51 IST" skipped="0">
  <testcase classname="ART.ARTinterview.excelLogin" name="secondTest" time="1.705"/>
  <system-out/>
  <testcase classname="ART.ARTinterview.excelLogin" name="secondTest" time="3.081"/>
  <system-out/>
  <testcase classname="ART.ARTinterview.excelLogin" name="secondTest" time="2.068"/>
  <system-out/>
  <testcase classname="ART.ARTinterview.excelLogin" name="firstTest" time="3.514"/>
  <system-out/>
</testsuite> <!-- ART.ARTinterview.excelLogin -->
