<?xml version="1.0" encoding="UTF-8"?>
<!-- Generated by org.testng.reporters.JUnitReportReporter -->
<testsuite hostname="LAPTOP-45MQ2P0P" failures="0" tests="2" name="ART.ARTinterview.ArrayProgram" time="0.009" errors="0" timestamp="2026-05-29T13:49:10 IST" skipped="0">
  <testcase classname="ART.ARTinterview.ArrayProgram" name="Reverse" time="0.008"/>
  <system-out/>
  <testcase classname="ART.ARTinterview.ArrayProgram" name="dragAndDrop" time="0.001"/>
  <system-out/>
</testsuite> <!-- ART.ARTinterview.ArrayProgram -->
