<?xml version="1.0" encoding="UTF-8"?>
<!-- Generated by org.testng.reporters.JUnitXMLReporter -->
<testsuite ignored="0" hostname="LAPTOP-45MQ2P0P" failures="1" tests="1" name="Test" time="0.049" errors="0" timestamp="2023-10-21T12:49:23 IST">
  <testcase classname="SyncProject.Presentation.Testp1" name="asf" time="0.016">
    <failure type="java.lang.NullPointerException" message="Cannot invoke &amp;quot;org.openqa.selenium.WebDriver.manage()&amp;quot; because &amp;quot;this.driver&amp;quot; is null">
      <![CDATA[java.lang.NullPointerException: Cannot invoke "org.openqa.selenium.WebDriver.manage()" because "this.driver" is null
at SyncProject.Presentation.Base.initlizeDriver(Base.java:48)
at SyncProject.Presentation.Testp1.asf(Testp1.java:14)
at java.base/java.util.ArrayList.forEach(ArrayList.java:1511)
... Removed 27 stack frames]]>
    </failure>
  </testcase> <!-- asf -->
</testsuite> <!-- Test -->
