<?xml version="1.0" encoding="UTF-8"?>
<!-- Generated by org.testng.reporters.JUnitXMLReporter -->
<testsuite ignored="0" hostname="DELL-3521" failures="0" tests="3" name="Registration" time="72.777" errors="0" timestamp="21 Mar 2020 16:25:38 GMT">
  <testcase classname="Tests.BaseTest" name="@BeforeMethod Launch_Application" time="72.457">
    <failure type="org.openqa.selenium.WebDriverException" message="connection refused
Build info: version: &amp;apos;3.141.59&amp;apos;, revision: &amp;apos;e82be7d358&amp;apos;, time: &amp;apos;2018-11-14T08:25:48&amp;apos;
System info: host: &amp;apos;DELL-3521&amp;apos;, ip: &amp;apos;127.0.0.1&amp;apos;, os.name: &amp;apos;Windows 8.1&amp;apos;, os.arch: &amp;apos;amd64&amp;apos;, os.version: &amp;apos;6.3&amp;apos;, java.version: &amp;apos;11.0.1&amp;apos;
Driver info: driver.version: FirefoxDriver
remote stacktrace: ">
      <![CDATA[org.openqa.selenium.WebDriverException: connection refused
Build info: version: '3.141.59', revision: 'e82be7d358', time: '2018-11-14T08:25:48'
System info: host: 'DELL-3521', ip: '127.0.0.1', os.name: 'Windows 8.1', os.arch: 'amd64', os.version: '6.3', java.version: '11.0.1'
Driver info: driver.version: FirefoxDriver
remote stacktrace: 
at org.openqa.selenium.remote.W3CHandshakeResponse.lambda$errorHandler$0(W3CHandshakeResponse.java:62)
at org.openqa.selenium.remote.HandshakeResponse.lambda$getResponseFunction$0(HandshakeResponse.java:30)
at org.openqa.selenium.remote.ProtocolHandshake.lambda$createSession$0(ProtocolHandshake.java:126)
at java.base/java.util.stream.ReferencePipeline$3$1.accept(ReferencePipeline.java:195)
at java.base/java.util.Spliterators$ArraySpliterator.tryAdvance(Spliterators.java:958)
at java.base/java.util.stream.ReferencePipeline.forEachWithCancel(ReferencePipeline.java:127)
at java.base/java.util.stream.AbstractPipeline.copyIntoWithCancel(AbstractPipeline.java:502)
at java.base/java.util.stream.AbstractPipeline.copyInto(AbstractPipeline.java:488)
at java.base/java.util.stream.AbstractPipeline.wrapAndCopyInto(AbstractPipeline.java:474)
at java.base/java.util.stream.FindOps$FindOp.evaluateSequential(FindOps.java:150)
at java.base/java.util.stream.AbstractPipeline.evaluate(AbstractPipeline.java:234)
at java.base/java.util.stream.ReferencePipeline.findFirst(ReferencePipeline.java:543)
at org.openqa.selenium.remote.ProtocolHandshake.createSession(ProtocolHandshake.java:128)
at org.openqa.selenium.remote.ProtocolHandshake.createSession(ProtocolHandshake.java:74)
at org.openqa.selenium.remote.HttpCommandExecutor.execute(HttpCommandExecutor.java:136)
at org.openqa.selenium.remote.service.DriverCommandExecutor.execute(DriverCommandExecutor.java:83)
at org.openqa.selenium.remote.RemoteWebDriver.execute(RemoteWebDriver.java:552)
at org.openqa.selenium.remote.RemoteWebDriver.startSession(RemoteWebDriver.java:213)
at org.openqa.selenium.remote.RemoteWebDriver.<init>(RemoteWebDriver.java:131)
at org.openqa.selenium.firefox.FirefoxDriver.<init>(FirefoxDriver.java:147)
at org.openqa.selenium.firefox.FirefoxDriver.<init>(FirefoxDriver.java:125)
at Configuration.Setup.intiate_webdriver(Setup.java:42)
at Tests.BaseTest.Launch_Application(BaseTest.java:36)
... Removed 32 stack frames]]>
    </failure>
  </testcase> <!-- @BeforeMethod Launch_Application -->
  <testcase classname="Tests.BaseTest" name="@AfterMethod Tear_Down" time="0.0">
    <skipped/>
  </testcase> <!-- @AfterMethod Tear_Down -->
  <testcase classname="Tests.BaseTest" name="@BeforeMethod Launch_Application" time="0.0">
    <skipped/>
  </testcase> <!-- @BeforeMethod Launch_Application -->
  <testcase classname="Tests.BaseTest" name="@AfterMethod Tear_Down" time="0.0">
    <skipped/>
  </testcase> <!-- @AfterMethod Tear_Down -->
  <testcase classname="Tests.BaseTest" name="@BeforeMethod Launch_Application" time="0.0">
    <skipped/>
  </testcase> <!-- @BeforeMethod Launch_Application -->
  <testcase classname="Tests.BaseTest" name="@AfterMethod Tear_Down" time="0.0">
    <skipped/>
  </testcase> <!-- @AfterMethod Tear_Down -->
  <testcase classname="Tests.RegistrationTest" name="Register_User" time="0.0">
    <skipped/>
  </testcase> <!-- Register_User -->
  <testcase classname="Tests.RegistrationTest" name="Register_User_TestData_From_PropertyFile" time="0.0">
    <skipped/>
  </testcase> <!-- Register_User_TestData_From_PropertyFile -->
  <testcase classname="Tests.RegistrationTest" name="Register_User_TestData_From_ExcelFile" time="0.0">
    <skipped/>
  </testcase> <!-- Register_User_TestData_From_ExcelFile -->
</testsuite> <!-- Registration -->
