<?xml version="1.0" encoding="UTF-8"?>
<!-- Generated by org.testng.reporters.JUnitXMLReporter -->
<testsuite ignored="0" hostname="LAPTOP-45MQ2P0P" failures="1" tests="4" name="Surefire test" time="20.55" errors="0" timestamp="2023-10-23T14:41:02 IST">
  <testcase classname="PracticalCloudester.AddToCartTest" name="Cart" time="11.301"/>
  <testcase classname="PracticalCloudester.LoginTest" name="loginInApp" time="7.128"/>
  <testcase classname="PracticalCloudester.LoginTest" name="selectProduct" time="2.085">
    <failure type="java.lang.IndexOutOfBoundsException" message="Index 3 out of bounds for length 3">
      <![CDATA[java.lang.IndexOutOfBoundsException: Index 3 out of bounds for length 3
at java.base/jdk.internal.util.Preconditions.outOfBounds(Preconditions.java:64)
at java.base/jdk.internal.util.Preconditions.outOfBoundsCheckIndex(Preconditions.java:70)
at java.base/jdk.internal.util.Preconditions.checkIndex(Preconditions.java:266)
at java.base/java.util.Objects.checkIndex(Objects.java:359)
at java.base/java.util.ArrayList.get(ArrayList.java:427)
at PracticalCloudester.LoginTest.selectProduct(LoginTest.java:64)
at java.base/java.util.ArrayList.forEach(ArrayList.java:1511)
... Removed 32 stack frames]]>
    </failure>
  </testcase> <!-- selectProduct -->
  <testcase classname="PracticalCloudester.SubmitOrderTest" name="firstOrder" time="0.001"/>
</testsuite> <!-- Surefire test -->
