<?xml version="1.0" encoding="UTF-8"?>
<!-- Generated by org.testng.reporters.JUnitXMLReporter -->
<testsuite ignored="0" hostname="LAPTOP-45MQ2P0P" failures="1" tests="3" name="Test" time="62.643" errors="0" timestamp="2026-02-11T10:40:02 IST">
  <testcase classname="PracticalCloudester.LoginTest" name="loginInApp" time="15.878"/>
  <testcase classname="PracticalCloudester.LoginTest" name="selectProduct" time="2.371"/>
  <testcase classname="PracticalCloudester.AddToCartTest" name="Cart_Unable_to_find_an_exact_match_for_CDPversion_Cart_Unable_to_find_an_exact_match_for_CDPversion" time="44.038">
    <failure type="org.openqa.selenium.NoSuchElementException" message="Unable to locate element: (//i[@class=&amp;apos;fa fa-shopping-cartr&amp;apos;])[2]
For documentation on this error, please visit: https://www.selenium.dev/documentation/webdriver/troubleshooting/errors#no-such-element-exception
Build info: version: &amp;apos;4.14.1&amp;apos;, revision: &amp;apos;03f8ede370&amp;apos;
System info: os.name: &amp;apos;Windows 10&amp;apos;, os.arch: &amp;apos;amd64&amp;apos;, os.version: &amp;apos;10.0&amp;apos;, java.version: &amp;apos;16.0.1&amp;apos;
Driver info: org.openqa.selenium.firefox.FirefoxDriver
Command: [2a19ea2b-0818-4d59-9592-7afa199c6655, findElement {using=xpath, value=(//i[@class=&amp;apos;fa fa-shopping-cartr&amp;apos;])[2]}]
Capabilities {acceptInsecureCerts: true, browserName: firefox, browserVersion: 147.0.3, moz:accessibilityChecks: false, moz:buildID: 20260203002554, moz:geckodriverVersion: 0.36.0, moz:headless: false, moz:platformVersion: 10.0, moz:processID: 28580, moz:profile: C:\Users\KUNALS~1\AppData\L..., moz:shutdownTimeout: 60000, moz:webdriverClick: true, moz:windowless: false, pageLoadStrategy: normal, platformName: windows, proxy: Proxy(), setWindowRect: true, strictFileInteractability: false, timeouts: {implicit: 0, pageLoad: 300000, script: 30000}, unhandledPromptBehavior: dismiss and notify, userAgent: Mozilla/5.0 (Windows NT 10....}
Session ID: 2a19ea2b-0818-4d59-9592-7afa199c6655">
      <![CDATA[org.openqa.selenium.NoSuchElementException: Unable to locate element: (//i[@class='fa fa-shopping-cartr'])[2]
For documentation on this error, please visit: https://www.selenium.dev/documentation/webdriver/troubleshooting/errors#no-such-element-exception
Build info: version: '4.14.1', revision: '03f8ede370'
System info: os.name: 'Windows 10', os.arch: 'amd64', os.version: '10.0', java.version: '16.0.1'
Driver info: org.openqa.selenium.firefox.FirefoxDriver
Command: [2a19ea2b-0818-4d59-9592-7afa199c6655, findElement {using=xpath, value=(//i[@class='fa fa-shopping-cartr'])[2]}]
Capabilities {acceptInsecureCerts: true, browserName: firefox, browserVersion: 147.0.3, moz:accessibilityChecks: false, moz:buildID: 20260203002554, moz:geckodriverVersion: 0.36.0, moz:headless: false, moz:platformVersion: 10.0, moz:processID: 28580, moz:profile: C:\Users\KUNALS~1\AppData\L..., moz:shutdownTimeout: 60000, moz:webdriverClick: true, moz:windowless: false, pageLoadStrategy: normal, platformName: windows, proxy: Proxy(), setWindowRect: true, strictFileInteractability: false, timeouts: {implicit: 0, pageLoad: 300000, script: 30000}, unhandledPromptBehavior: dismiss and notify, userAgent: Mozilla/5.0 (Windows NT 10....}
Session ID: 2a19ea2b-0818-4d59-9592-7afa199c6655
at org.openqa.selenium.remote.codec.w3c.W3CHttpResponseCodec.createException(W3CHttpResponseCodec.java:200)
at org.openqa.selenium.remote.codec.w3c.W3CHttpResponseCodec.decode(W3CHttpResponseCodec.java:133)
at org.openqa.selenium.remote.codec.w3c.W3CHttpResponseCodec.decode(W3CHttpResponseCodec.java:52)
at org.openqa.selenium.remote.HttpCommandExecutor.execute(HttpCommandExecutor.java:191)
at org.openqa.selenium.remote.service.DriverCommandExecutor.invokeExecute(DriverCommandExecutor.java:200)
at org.openqa.selenium.remote.service.DriverCommandExecutor.execute(DriverCommandExecutor.java:175)
at org.openqa.selenium.remote.RemoteWebDriver.execute(RemoteWebDriver.java:602)
at org.openqa.selenium.remote.ElementLocation$ElementFinder$2.findElement(ElementLocation.java:165)
at org.openqa.selenium.remote.ElementLocation.findElement(ElementLocation.java:59)
at org.openqa.selenium.remote.RemoteWebDriver.findElement(RemoteWebDriver.java:359)
at org.openqa.selenium.remote.RemoteWebDriver.findElement(RemoteWebDriver.java:353)
at PracticalCloudester.AddToCartObject.addToCartBtnClick(AddToCartObject.java:24)
at PracticalCloudester.AddToCartTest.Cart_Unable_to_find_an_exact_match_for_CDPversion_Cart_Unable_to_find_an_exact_match_for_CDPversion(AddToCartTest.java:20)
at java.base/java.util.ArrayList.forEach(ArrayList.java:1511)
... Removed 32 stack frames]]>
    </failure>
  </testcase> <!-- Cart_Unable_to_find_an_exact_match_for_CDPversion_Cart_Unable_to_find_an_exact_match_for_CDPversion -->
</testsuite> <!-- Test -->
