<?xml version="1.0" encoding="UTF-8"?>
<!-- Generated by org.testng.reporters.JUnitReportReporter -->
<testsuite hostname="LAPTOP-45MQ2P0P" failures="0" tests="2" name="PracticalCloudester.LoginTest" time="17.178" errors="0" timestamp="2026-04-25T12:20:55 IST" skipped="0">
  <testcase classname="PracticalCloudester.LoginTest" name="loginInApp" time="14.338"/>
  <testcase classname="PracticalCloudester.LoginTest" name="selectProduct" time="2.840"/>
</testsuite> <!-- PracticalCloudester.LoginTest -->
